2019-08-14 21:00:09 ERROR MySQLRouteDAO:47 - can't delete route
2019-08-14 21:00:16 ERROR MySQLRouteDAO:47 - can't delete route
2019-08-14 21:05:00 ERROR MySQLRouteDAO:47 - can't delete route
2019-08-14 21:05:02 ERROR MySQLRouteDAO:47 - can't delete route
2019-08-14 21:05:05 ERROR MySQLRouteDAO:47 - can't delete route
2019-08-14 21:06:39 ERROR MySQLRouteDAO:47 - can't delete route
2019-08-14 21:06:41 ERROR MySQLRouteDAO:47 - can't delete route
2019-08-15 23:15:16 ERROR MySQLTrainDAO:36 - can't create train
2019-08-16 14:46:25 ERROR MySQLTrainDAO:36 - can't create train
2019-08-17 11:36:54 ERROR ConnectionPool:39 - can't get connection to database
2019-08-17 11:43:21 ERROR ConnectionPool:39 - can't get connection to database
2019-08-17 20:02:15 ERROR MySQLRouteDAO:73 - can't get all routes
2019-08-17 20:18:33 ERROR MySQLRouteDAO:49 - can't delete route
2019-08-17 20:18:48 ERROR MySQLRouteDAO:49 - can't delete route
2019-08-17 20:31:03 ERROR MySQLOrderDAO:76 - can't get all orders
2019-08-17 20:47:45 ERROR MySQLRouteDAO:120 - can't get routes from date
2019-08-17 21:26:36 ERROR MySQLRouteDAO:49 - can't delete route
2019-08-18 19:22:02 ERROR MySQLTrainDAO:40 - can't create train
2019-08-18 19:28:06 ERROR MySQLRouteDAO:49 - can't delete route
2019-08-18 19:28:20 ERROR MySQLRouteDAO:49 - can't delete route
2019-08-19 15:15:35 ERROR MySQLTrainDAO:43 - can't create train
2019-08-19 15:20:47 ERROR MySQLUserDAO:60 - can't delete user
2019-10-09 19:42:41 ERROR MySQLUserDAO:45 - can't create user
2019-10-09 19:45:16 ERROR MySQLUserDAO:203 - can't get user
2019-10-09 19:46:24 ERROR MySQLUserDAO:203 - can't get user
2019-10-09 19:48:09 ERROR MySQLUserDAO:203 - can't get user
2019-10-11 19:27:10 ERROR MySQLUserDAO:44 - can't create user
2019-10-11 19:36:05 ERROR MySQLUserDAO:44 - can't create user
2019-10-11 19:44:19 ERROR MySQLUserDAO:229 - can't get check if email or phone exists
2019-10-11 19:45:33 ERROR MySQLUserDAO:229 - can't get check if email or phone exists
2019-10-11 19:47:24 ERROR MySQLUserDAO:229 - can't get check if email or phone exists
2019-10-14 19:53:07 ERROR MySQLUserDAO:91 - can't get all users
2019-10-14 19:54:44 ERROR MySQLUserDAO:91 - can't get all users
2019-10-14 19:55:05 ERROR MySQLUserDAO:91 - can't get all users
2019-10-14 19:58:23 ERROR MySQLUserDAO:91 - can't get all users
2019-10-14 19:58:42 ERROR MySQLUserDAO:91 - can't get all users
